Analysis & Synthesis report for InstrucoesI
Tue Oct 22 18:13:04 2019
Quartus Prime Version 17.1.0 Build 590 10/25/2017 SJ Lite Edition


---------------------
; Table of Contents ;
---------------------
  1. Legal Notice
  2. Analysis & Synthesis Summary
  3. Analysis & Synthesis Settings
  4. Parallel Compilation
  5. Analysis & Synthesis Source Files Read
  6. Analysis & Synthesis Resource Usage Summary
  7. Analysis & Synthesis Resource Utilization by Entity
  8. General Register Statistics
  9. Parameter Settings for User Entity Instance: Top-level Entity: |InstrucoesI
 10. Parameter Settings for User Entity Instance: ROM:ROM
 11. Parameter Settings for User Entity Instance: Processador:PR|somador:SomadorPC
 12. Parameter Settings for User Entity Instance: Processador:PR|somador2:SomadorIM
 13. Parameter Settings for User Entity Instance: Processador:PR|muxPC:Mux2_Jump
 14. Parameter Settings for User Entity Instance: Processador:PR|extensor:Ext
 15. Parameter Settings for User Entity Instance: Processador:PR|pc:PC
 16. Parameter Settings for User Entity Instance: Processador:PR|banco:BR
 17. Parameter Settings for User Entity Instance: Processador:PR|ula:ULA
 18. Parameter Settings for User Entity Instance: Processador:PR|ram:RAM
 19. Post-Synthesis Netlist Statistics for Top Partition
 20. Elapsed Time Per Partition
 21. Analysis & Synthesis Messages



----------------
; Legal Notice ;
----------------
Copyright (C) 2017  Intel Corporation. All rights reserved.
Your use of Intel Corporation's design tools, logic functions 
and other software and tools, and its AMPP partner logic 
functions, and any output files from any of the foregoing 
(including device programming or simulation files), and any 
associated documentation or information are expressly subject 
to the terms and conditions of the Intel Program License 
Subscription Agreement, the Intel Quartus Prime License Agreement,
the Intel FPGA IP License Agreement, or other applicable license
agreement, including, without limitation, that your use is for
the sole purpose of programming logic devices manufactured by
Intel and sold by Intel or its authorized distributors.  Please
refer to the applicable agreement for further details.



+----------------------------------------------------------------------------------+
; Analysis & Synthesis Summary                                                     ;
+------------------------------------+---------------------------------------------+
; Analysis & Synthesis Status        ; Successful - Tue Oct 22 18:13:04 2019       ;
; Quartus Prime Version              ; 17.1.0 Build 590 10/25/2017 SJ Lite Edition ;
; Revision Name                      ; InstrucoesI                                 ;
; Top-level Entity Name              ; InstrucoesI                                 ;
; Family                             ; Cyclone IV E                                ;
; Total logic elements               ; 0                                           ;
;     Total combinational functions  ; 0                                           ;
;     Dedicated logic registers      ; 0                                           ;
; Total registers                    ; 0                                           ;
; Total pins                         ; 19                                          ;
; Total virtual pins                 ; 0                                           ;
; Total memory bits                  ; 0                                           ;
; Embedded Multiplier 9-bit elements ; 0                                           ;
; Total PLLs                         ; 0                                           ;
+------------------------------------+---------------------------------------------+


+----------------------------------------------------------------------------------------------------------------------+
; Analysis & Synthesis Settings                                                                                        ;
+----------------------------------------------------------------------------+--------------------+--------------------+
; Option                                                                     ; Setting            ; Default Value      ;
+----------------------------------------------------------------------------+--------------------+--------------------+
; Device                                                                     ; EP4CE115F29C7      ;                    ;
; Top-level entity name                                                      ; InstrucoesI        ; InstrucoesI        ;
; Family name                                                                ; Cyclone IV E       ; Cyclone V          ;
; VHDL Show LMF Mapping Messages                                             ; Off                ;                    ;
; VHDL Version                                                               ; VHDL_2008          ; VHDL_1993          ;
; Use smart compilation                                                      ; Off                ; Off                ;
; Enable parallel Assembler and TimeQuest Timing Analyzer during compilation ; On                 ; On                 ;
; Enable compact report table                                                ; Off                ; Off                ;
; Restructure Multiplexers                                                   ; Auto               ; Auto               ;
; Create Debugging Nodes for IP Cores                                        ; Off                ; Off                ;
; Preserve fewer node names                                                  ; On                 ; On                 ;
; Intel FPGA IP Evaluation Mode                                              ; Enable             ; Enable             ;
; Verilog Version                                                            ; Verilog_2001       ; Verilog_2001       ;
; State Machine Processing                                                   ; Auto               ; Auto               ;
; Safe State Machine                                                         ; Off                ; Off                ;
; Extract Verilog State Machines                                             ; On                 ; On                 ;
; Extract VHDL State Machines                                                ; On                 ; On                 ;
; Ignore Verilog initial constructs                                          ; Off                ; Off                ;
; Iteration limit for constant Verilog loops                                 ; 5000               ; 5000               ;
; Iteration limit for non-constant Verilog loops                             ; 250                ; 250                ;
; Add Pass-Through Logic to Inferred RAMs                                    ; On                 ; On                 ;
; Infer RAMs from Raw Logic                                                  ; On                 ; On                 ;
; Parallel Synthesis                                                         ; On                 ; On                 ;
; DSP Block Balancing                                                        ; Auto               ; Auto               ;
; NOT Gate Push-Back                                                         ; On                 ; On                 ;
; Power-Up Don't Care                                                        ; On                 ; On                 ;
; Remove Redundant Logic Cells                                               ; Off                ; Off                ;
; Remove Duplicate Registers                                                 ; On                 ; On                 ;
; Ignore CARRY Buffers                                                       ; Off                ; Off                ;
; Ignore CASCADE Buffers                                                     ; Off                ; Off                ;
; Ignore GLOBAL Buffers                                                      ; Off                ; Off                ;
; Ignore ROW GLOBAL Buffers                                                  ; Off                ; Off                ;
; Ignore LCELL Buffers                                                       ; Off                ; Off                ;
; Ignore SOFT Buffers                                                        ; On                 ; On                 ;
; Limit AHDL Integers to 32 Bits                                             ; Off                ; Off                ;
; Optimization Technique                                                     ; Balanced           ; Balanced           ;
; Carry Chain Length                                                         ; 70                 ; 70                 ;
; Auto Carry Chains                                                          ; On                 ; On                 ;
; Auto Open-Drain Pins                                                       ; On                 ; On                 ;
; Perform WYSIWYG Primitive Resynthesis                                      ; Off                ; Off                ;
; Auto ROM Replacement                                                       ; On                 ; On                 ;
; Auto RAM Replacement                                                       ; On                 ; On                 ;
; Auto DSP Block Replacement                                                 ; On                 ; On                 ;
; Auto Shift Register Replacement                                            ; Auto               ; Auto               ;
; Allow Shift Register Merging across Hierarchies                            ; Auto               ; Auto               ;
; Auto Clock Enable Replacement                                              ; On                 ; On                 ;
; Strict RAM Replacement                                                     ; Off                ; Off                ;
; Allow Synchronous Control Signals                                          ; On                 ; On                 ;
; Force Use of Synchronous Clear Signals                                     ; Off                ; Off                ;
; Auto RAM Block Balancing                                                   ; On                 ; On                 ;
; Auto RAM to Logic Cell Conversion                                          ; Off                ; Off                ;
; Auto Resource Sharing                                                      ; Off                ; Off                ;
; Allow Any RAM Size For Recognition                                         ; Off                ; Off                ;
; Allow Any ROM Size For Recognition                                         ; Off                ; Off                ;
; Allow Any Shift Register Size For Recognition                              ; Off                ; Off                ;
; Use LogicLock Constraints during Resource Balancing                        ; On                 ; On                 ;
; Ignore translate_off and synthesis_off directives                          ; Off                ; Off                ;
; Timing-Driven Synthesis                                                    ; On                 ; On                 ;
; Report Parameter Settings                                                  ; On                 ; On                 ;
; Report Source Assignments                                                  ; On                 ; On                 ;
; Report Connectivity Checks                                                 ; On                 ; On                 ;
; Ignore Maximum Fan-Out Assignments                                         ; Off                ; Off                ;
; Synchronization Register Chain Length                                      ; 2                  ; 2                  ;
; Power Optimization During Synthesis                                        ; Normal compilation ; Normal compilation ;
; HDL message level                                                          ; Level2             ; Level2             ;
; Suppress Register Optimization Related Messages                            ; Off                ; Off                ;
; Number of Removed Registers Reported in Synthesis Report                   ; 5000               ; 5000               ;
; Number of Swept Nodes Reported in Synthesis Report                         ; 5000               ; 5000               ;
; Number of Inverted Registers Reported in Synthesis Report                  ; 100                ; 100                ;
; Clock MUX Protection                                                       ; On                 ; On                 ;
; Auto Gated Clock Conversion                                                ; Off                ; Off                ;
; Block Design Naming                                                        ; Auto               ; Auto               ;
; SDC constraint protection                                                  ; Off                ; Off                ;
; Synthesis Effort                                                           ; Auto               ; Auto               ;
; Shift Register Replacement - Allow Asynchronous Clear Signal               ; On                 ; On                 ;
; Pre-Mapping Resynthesis Optimization                                       ; Off                ; Off                ;
; Analysis & Synthesis Message Level                                         ; Medium             ; Medium             ;
; Disable Register Merging Across Hierarchies                                ; Auto               ; Auto               ;
; Resource Aware Inference For Block RAM                                     ; On                 ; On                 ;
+----------------------------------------------------------------------------+--------------------+--------------------+


+------------------------------------------+
; Parallel Compilation                     ;
+----------------------------+-------------+
; Processors                 ; Number      ;
+----------------------------+-------------+
; Number detected on machine ; 4           ;
; Maximum allowed            ; 2           ;
;                            ;             ;
; Average used               ; 1.00        ;
; Maximum used               ; 1           ;
;                            ;             ;
; Usage by Processor         ; % Time Used ;
;     Processor 1            ; 100.0%      ;
+----------------------------+-------------+


+-----------------------------------------------------------------------------------------------------------------------------------------+
; Analysis & Synthesis Source Files Read                                                                                                  ;
+----------------------------------+-----------------+-----------------+--------------------------------------------------------+---------+
; File Name with User-Entered Path ; Used in Netlist ; File Type       ; File Name with Absolute Path                           ; Library ;
+----------------------------------+-----------------+-----------------+--------------------------------------------------------+---------+
; muxPC.vhd                        ; yes             ; User VHDL File  ; C:/Users/victo/Documents/GitHub/Inst_I/muxPC.vhd       ;         ;
; ULA.vhd                          ; yes             ; User VHDL File  ; C:/Users/victo/Documents/GitHub/Inst_I/ULA.vhd         ;         ;
; UC.vhd                           ; yes             ; User VHDL File  ; C:/Users/victo/Documents/GitHub/Inst_I/UC.vhd          ;         ;
; top.vhd                          ; yes             ; User VHDL File  ; C:/Users/victo/Documents/GitHub/Inst_I/top.vhd         ;         ;
; somador.vhd                      ; yes             ; User VHDL File  ; C:/Users/victo/Documents/GitHub/Inst_I/somador.vhd     ;         ;
; rom.vhd                          ; yes             ; User VHDL File  ; C:/Users/victo/Documents/GitHub/Inst_I/rom.vhd         ;         ;
; ram.vhd                          ; yes             ; User VHDL File  ; C:/Users/victo/Documents/GitHub/Inst_I/ram.vhd         ;         ;
; Processador.vhd                  ; yes             ; User VHDL File  ; C:/Users/victo/Documents/GitHub/Inst_I/Processador.vhd ;         ;
; pc.vhd                           ; yes             ; User VHDL File  ; C:/Users/victo/Documents/GitHub/Inst_I/pc.vhd          ;         ;
; extensor.vhd                     ; yes             ; User VHDL File  ; C:/Users/victo/Documents/GitHub/Inst_I/extensor.vhd    ;         ;
; banco.vhd                        ; yes             ; User VHDL File  ; C:/Users/victo/Documents/GitHub/Inst_I/banco.vhd       ;         ;
; somador2.vhd                     ; yes             ; User VHDL File  ; C:/Users/victo/Documents/GitHub/Inst_I/somador2.vhd    ;         ;
+----------------------------------+-----------------+-----------------+--------------------------------------------------------+---------+


+--------------------------------------------------------+
; Analysis & Synthesis Resource Usage Summary            ;
+---------------------------------------------+----------+
; Resource                                    ; Usage    ;
+---------------------------------------------+----------+
;                                             ;          ;
; Total combinational functions               ; 0        ;
; Logic element usage by number of LUT inputs ;          ;
;     -- 4 input functions                    ; 0        ;
;     -- 3 input functions                    ; 0        ;
;     -- <=2 input functions                  ; 0        ;
;                                             ;          ;
; Logic elements by mode                      ;          ;
;     -- normal mode                          ; 0        ;
;     -- arithmetic mode                      ; 0        ;
;                                             ;          ;
; Total registers                             ; 0        ;
;     -- Dedicated logic registers            ; 0        ;
;     -- I/O registers                        ; 0        ;
;                                             ;          ;
; I/O pins                                    ; 19       ;
;                                             ;          ;
; Embedded Multiplier 9-bit elements          ; 0        ;
;                                             ;          ;
; Maximum fan-out node                        ; CLOCK_50 ;
; Maximum fan-out                             ; 1        ;
; Total fan-out                               ; 19       ;
; Average fan-out                             ; 0.50     ;
+---------------------------------------------+----------+


+----------------------------------------------------------------------------------------------------------------------------------------------------------------------------------------------------------+
; Analysis & Synthesis Resource Utilization by Entity                                                                                                                                                      ;
+----------------------------+---------------------+---------------------------+-------------+--------------+---------+-----------+------+--------------+---------------------+-------------+--------------+
; Compilation Hierarchy Node ; Combinational ALUTs ; Dedicated Logic Registers ; Memory Bits ; DSP Elements ; DSP 9x9 ; DSP 18x18 ; Pins ; Virtual Pins ; Full Hierarchy Name ; Entity Name ; Library Name ;
+----------------------------+---------------------+---------------------------+-------------+--------------+---------+-----------+------+--------------+---------------------+-------------+--------------+
; |InstrucoesI               ; 0 (0)               ; 0 (0)                     ; 0           ; 0            ; 0       ; 0         ; 19   ; 0            ; |InstrucoesI        ; InstrucoesI ; work         ;
+----------------------------+---------------------+---------------------------+-------------+--------------+---------+-----------+------+--------------+---------------------+-------------+--------------+
Note: For table entries with two numbers listed, the numbers in parentheses indicate the number of resources of the given type used by the specific entity alone. The numbers listed outside of parentheses indicate the total resources of the given type used by the specific entity and all of its sub-entities in the hierarchy.


+------------------------------------------------------+
; General Register Statistics                          ;
+----------------------------------------------+-------+
; Statistic                                    ; Value ;
+----------------------------------------------+-------+
; Total registers                              ; 0     ;
; Number of registers using Synchronous Clear  ; 0     ;
; Number of registers using Synchronous Load   ; 0     ;
; Number of registers using Asynchronous Clear ; 0     ;
; Number of registers using Asynchronous Load  ; 0     ;
; Number of registers using Clock Enable       ; 0     ;
; Number of registers using Preset             ; 0     ;
+----------------------------------------------+-------+


+-----------------------------------------------------------------------------+
; Parameter Settings for User Entity Instance: Top-level Entity: |InstrucoesI ;
+---------------------+-------+-----------------------------------------------+
; Parameter Name      ; Value ; Type                                          ;
+---------------------+-------+-----------------------------------------------+
; quantidadeLedsRed   ; 18    ; Signed Integer                                ;
; quantidadeLedsGreen ; 8     ; Signed Integer                                ;
; quantidadeChaves    ; 18    ; Signed Integer                                ;
+---------------------+-------+-----------------------------------------------+
Note: In order to hide this table in the UI and the text report file, please set the "Show Parameter Settings in Synthesis Report" option in "Analysis and Synthesis Settings -> More Settings" to "Off".


+------------------------------------------------------+
; Parameter Settings for User Entity Instance: ROM:ROM ;
+-----------------+-------+----------------------------+
; Parameter Name  ; Value ; Type                       ;
+-----------------+-------+----------------------------+
; datawidth       ; 32    ; Signed Integer             ;
; addrwidth       ; 32    ; Signed Integer             ;
; memoryaddrwidth ; 6     ; Signed Integer             ;
+-----------------+-------+----------------------------+
Note: In order to hide this table in the UI and the text report file, please set the "Show Parameter Settings in Synthesis Report" option in "Analysis and Synthesis Settings -> More Settings" to "Off".


+-------------------------------------------------------------------------------+
; Parameter Settings for User Entity Instance: Processador:PR|somador:SomadorPC ;
+----------------+-------+------------------------------------------------------+
; Parameter Name ; Value ; Type                                                 ;
+----------------+-------+------------------------------------------------------+
; largura_dados  ; 32    ; Signed Integer                                       ;
; incremento     ; 4     ; Signed Integer                                       ;
+----------------+-------+------------------------------------------------------+
Note: In order to hide this table in the UI and the text report file, please set the "Show Parameter Settings in Synthesis Report" option in "Analysis and Synthesis Settings -> More Settings" to "Off".


+--------------------------------------------------------------------------------+
; Parameter Settings for User Entity Instance: Processador:PR|somador2:SomadorIM ;
+----------------+-------+-------------------------------------------------------+
; Parameter Name ; Value ; Type                                                  ;
+----------------+-------+-------------------------------------------------------+
; largura_dados  ; 32    ; Signed Integer                                        ;
+----------------+-------+-------------------------------------------------------+
Note: In order to hide this table in the UI and the text report file, please set the "Show Parameter Settings in Synthesis Report" option in "Analysis and Synthesis Settings -> More Settings" to "Off".


+-----------------------------------------------------------------------------+
; Parameter Settings for User Entity Instance: Processador:PR|muxPC:Mux2_Jump ;
+----------------+-------+----------------------------------------------------+
; Parameter Name ; Value ; Type                                               ;
+----------------+-------+----------------------------------------------------+
; largura_dados  ; 32    ; Signed Integer                                     ;
+----------------+-------+----------------------------------------------------+
Note: In order to hide this table in the UI and the text report file, please set the "Show Parameter Settings in Synthesis Report" option in "Analysis and Synthesis Settings -> More Settings" to "Off".


+--------------------------------------------------------------------------+
; Parameter Settings for User Entity Instance: Processador:PR|extensor:Ext ;
+--------------------+-------+---------------------------------------------+
; Parameter Name     ; Value ; Type                                        ;
+--------------------+-------+---------------------------------------------+
; larguradadoentrada ; 16    ; Signed Integer                              ;
; larguradadosaida   ; 32    ; Signed Integer                              ;
+--------------------+-------+---------------------------------------------+
Note: In order to hide this table in the UI and the text report file, please set the "Show Parameter Settings in Synthesis Report" option in "Analysis and Synthesis Settings -> More Settings" to "Off".


+-------------------------------------------------------------------+
; Parameter Settings for User Entity Instance: Processador:PR|pc:PC ;
+---------------------+-------+-------------------------------------+
; Parameter Name      ; Value ; Type                                ;
+---------------------+-------+-------------------------------------+
; largura_pc_endereco ; 32    ; Signed Integer                      ;
+---------------------+-------+-------------------------------------+
Note: In order to hide this table in the UI and the text report file, please set the "Show Parameter Settings in Synthesis Report" option in "Analysis and Synthesis Settings -> More Settings" to "Off".


+----------------------------------------------------------------------+
; Parameter Settings for User Entity Instance: Processador:PR|banco:BR ;
+---------------------+-------+----------------------------------------+
; Parameter Name      ; Value ; Type                                   ;
+---------------------+-------+----------------------------------------+
; larguradados        ; 32    ; Signed Integer                         ;
; larguraendbancoregs ; 5     ; Signed Integer                         ;
+---------------------+-------+----------------------------------------+
Note: In order to hide this table in the UI and the text report file, please set the "Show Parameter Settings in Synthesis Report" option in "Analysis and Synthesis Settings -> More Settings" to "Off".


+---------------------------------------------------------------------+
; Parameter Settings for User Entity Instance: Processador:PR|ula:ULA ;
+----------------+-------+--------------------------------------------+
; Parameter Name ; Value ; Type                                       ;
+----------------+-------+--------------------------------------------+
; largura_dados  ; 32    ; Signed Integer                             ;
+----------------+-------+--------------------------------------------+
Note: In order to hide this table in the UI and the text report file, please set the "Show Parameter Settings in Synthesis Report" option in "Analysis and Synthesis Settings -> More Settings" to "Off".


+---------------------------------------------------------------------+
; Parameter Settings for User Entity Instance: Processador:PR|ram:RAM ;
+----------------+-------+--------------------------------------------+
; Parameter Name ; Value ; Type                                       ;
+----------------+-------+--------------------------------------------+
; datawidth      ; 32    ; Signed Integer                             ;
; addrwidth      ; 32    ; Signed Integer                             ;
+----------------+-------+--------------------------------------------+
Note: In order to hide this table in the UI and the text report file, please set the "Show Parameter Settings in Synthesis Report" option in "Analysis and Synthesis Settings -> More Settings" to "Off".


+-----------------------------------------------------+
; Post-Synthesis Netlist Statistics for Top Partition ;
+-------------------+---------------------------------+
; Type              ; Count                           ;
+-------------------+---------------------------------+
; boundary_port     ; 19                              ;
;                   ;                                 ;
; Max LUT depth     ; 0.00                            ;
; Average LUT depth ; 0.00                            ;
+-------------------+---------------------------------+


+-------------------------------+
; Elapsed Time Per Partition    ;
+----------------+--------------+
; Partition Name ; Elapsed Time ;
+----------------+--------------+
; Top            ; 00:00:00     ;
+----------------+--------------+


+-------------------------------+
; Analysis & Synthesis Messages ;
+-------------------------------+
Info: *******************************************************************
Info: Running Quartus Prime Analysis & Synthesis
    Info: Version 17.1.0 Build 590 10/25/2017 SJ Lite Edition
    Info: Processing started: Tue Oct 22 18:12:49 2019
Info: Command: quartus_map --read_settings_files=on --write_settings_files=off InstrucoesI -c InstrucoesI
Warning (18236): Number of processors has not been specified which may cause overloading on shared machines.  Set the global assignment NUM_PARALLEL_PROCESSORS in your QSF to an appropriate value for best performance.
Info (20030): Parallel compilation is enabled and will use 2 of the 2 processors detected
Info (12021): Found 2 design units, including 1 entities, in source file muxpc.vhd
    Info (12022): Found design unit 1: muxPC-Arc File: C:/Users/victo/Documents/GitHub/Inst_I/muxPC.vhd Line: 22
    Info (12023): Found entity 1: muxPC File: C:/Users/victo/Documents/GitHub/Inst_I/muxPC.vhd Line: 4
Info (12021): Found 2 design units, including 1 entities, in source file ula.vhd
    Info (12022): Found design unit 1: ula-Arch File: C:/Users/victo/Documents/GitHub/Inst_I/ULA.vhd Line: 34
    Info (12023): Found entity 1: ula File: C:/Users/victo/Documents/GitHub/Inst_I/ULA.vhd Line: 17
Info (12021): Found 2 design units, including 1 entities, in source file uc.vhd
    Info (12022): Found design unit 1: UC-Arch File: C:/Users/victo/Documents/GitHub/Inst_I/UC.vhd Line: 31
    Info (12023): Found entity 1: UC File: C:/Users/victo/Documents/GitHub/Inst_I/UC.vhd Line: 13
Info (12021): Found 2 design units, including 1 entities, in source file top.vhd
    Info (12022): Found design unit 1: InstrucoesI-estrutural File: C:/Users/victo/Documents/GitHub/Inst_I/top.vhd Line: 17
    Info (12023): Found entity 1: InstrucoesI File: C:/Users/victo/Documents/GitHub/Inst_I/top.vhd Line: 4
Info (12021): Found 2 design units, including 1 entities, in source file somador.vhd
    Info (12022): Found design unit 1: somador-Arc File: C:/Users/victo/Documents/GitHub/Inst_I/somador.vhd Line: 18
    Info (12023): Found entity 1: somador File: C:/Users/victo/Documents/GitHub/Inst_I/somador.vhd Line: 5
Info (12021): Found 2 design units, including 1 entities, in source file rom.vhd
    Info (12022): Found design unit 1: ROM-assincrona File: C:/Users/victo/Documents/GitHub/Inst_I/rom.vhd Line: 16
    Info (12023): Found entity 1: ROM File: C:/Users/victo/Documents/GitHub/Inst_I/rom.vhd Line: 6
Info (12021): Found 2 design units, including 1 entities, in source file ram.vhd
    Info (12022): Found design unit 1: ram-rtl File: C:/Users/victo/Documents/GitHub/Inst_I/ram.vhd Line: 22
    Info (12023): Found entity 1: ram File: C:/Users/victo/Documents/GitHub/Inst_I/ram.vhd Line: 6
Info (12021): Found 2 design units, including 1 entities, in source file processador.vhd
    Info (12022): Found design unit 1: Processador-Arch File: C:/Users/victo/Documents/GitHub/Inst_I/Processador.vhd Line: 18
    Info (12023): Found entity 1: Processador File: C:/Users/victo/Documents/GitHub/Inst_I/Processador.vhd Line: 5
Info (12021): Found 2 design units, including 1 entities, in source file pc.vhd
    Info (12022): Found design unit 1: pc-Arch File: C:/Users/victo/Documents/GitHub/Inst_I/pc.vhd Line: 16
    Info (12023): Found entity 1: pc File: C:/Users/victo/Documents/GitHub/Inst_I/pc.vhd Line: 5
Info (12021): Found 2 design units, including 1 entities, in source file extensor.vhd
    Info (12022): Found design unit 1: extensor-comportamento File: C:/Users/victo/Documents/GitHub/Inst_I/extensor.vhd Line: 19
    Info (12023): Found entity 1: extensor File: C:/Users/victo/Documents/GitHub/Inst_I/extensor.vhd Line: 4
Info (12021): Found 2 design units, including 1 entities, in source file banco.vhd
    Info (12022): Found design unit 1: banco-comportamento File: C:/Users/victo/Documents/GitHub/Inst_I/banco.vhd Line: 30
    Info (12023): Found entity 1: banco File: C:/Users/victo/Documents/GitHub/Inst_I/banco.vhd Line: 7
Info (12021): Found 2 design units, including 1 entities, in source file somador2.vhd
    Info (12022): Found design unit 1: somador2-Arc File: C:/Users/victo/Documents/GitHub/Inst_I/somador2.vhd Line: 18
    Info (12023): Found entity 1: somador2 File: C:/Users/victo/Documents/GitHub/Inst_I/somador2.vhd Line: 5
Info (12127): Elaborating entity "InstrucoesI" for the top level hierarchy
Info (12128): Elaborating entity "ROM" for hierarchy "ROM:ROM" File: C:/Users/victo/Documents/GitHub/Inst_I/top.vhd Line: 21
Warning (10541): VHDL Signal Declaration warning at rom.vhd(19): used implicit default value for signal "memROM" because signal was never assigned a value or an explicit default value. Use of implicit default value may introduce unintended design optimizations. File: C:/Users/victo/Documents/GitHub/Inst_I/rom.vhd Line: 19
Info (12128): Elaborating entity "Processador" for hierarchy "Processador:PR" File: C:/Users/victo/Documents/GitHub/Inst_I/top.vhd Line: 28
Info (12128): Elaborating entity "somador" for hierarchy "Processador:PR|somador:SomadorPC" File: C:/Users/victo/Documents/GitHub/Inst_I/Processador.vhd Line: 36
Info (12128): Elaborating entity "somador2" for hierarchy "Processador:PR|somador2:SomadorIM" File: C:/Users/victo/Documents/GitHub/Inst_I/Processador.vhd Line: 43
Info (12128): Elaborating entity "muxPC" for hierarchy "Processador:PR|muxPC:Mux2_Jump" File: C:/Users/victo/Documents/GitHub/Inst_I/Processador.vhd Line: 51
Info (12128): Elaborating entity "extensor" for hierarchy "Processador:PR|extensor:Ext" File: C:/Users/victo/Documents/GitHub/Inst_I/Processador.vhd Line: 60
Info (12128): Elaborating entity "pc" for hierarchy "Processador:PR|pc:PC" File: C:/Users/victo/Documents/GitHub/Inst_I/Processador.vhd Line: 67
Info (12128): Elaborating entity "UC" for hierarchy "Processador:PR|UC:UC" File: C:/Users/victo/Documents/GitHub/Inst_I/Processador.vhd Line: 76
Info (12128): Elaborating entity "banco" for hierarchy "Processador:PR|banco:BR" File: C:/Users/victo/Documents/GitHub/Inst_I/Processador.vhd Line: 86
Info (12128): Elaborating entity "ula" for hierarchy "Processador:PR|ula:ULA" File: C:/Users/victo/Documents/GitHub/Inst_I/Processador.vhd Line: 98
Info (12128): Elaborating entity "ram" for hierarchy "Processador:PR|ram:RAM" File: C:/Users/victo/Documents/GitHub/Inst_I/Processador.vhd Line: 107
Warning (10639): VHDL warning at ram.vhd(25): constant value overflow File: C:/Users/victo/Documents/GitHub/Inst_I/ram.vhd Line: 25
Warning (10445): VHDL Subtype or Type Declaration warning at ram.vhd(25): subtype or type has null range File: C:/Users/victo/Documents/GitHub/Inst_I/ram.vhd Line: 25
Warning (10873): Using initial value X (don't care) for net "dado_out" at ram.vhd(18) File: C:/Users/victo/Documents/GitHub/Inst_I/ram.vhd Line: 18
Info (16010): Generating hard_block partition "hard_block:auto_generated_inst"
    Info (16011): Adding 0 node(s), including 0 DDIO, 0 PLL, 0 transceiver and 0 LCELL
Warning (21074): Design contains 19 input pin(s) that do not drive logic
    Warning (15610): No output dependent on input pin "CLOCK_50" File: C:/Users/victo/Documents/GitHub/Inst_I/top.vhd Line: 12
    Warning (15610): No output dependent on input pin "SW[0]" File: C:/Users/victo/Documents/GitHub/Inst_I/top.vhd Line: 13
    Warning (15610): No output dependent on input pin "SW[1]" File: C:/Users/victo/Documents/GitHub/Inst_I/top.vhd Line: 13
    Warning (15610): No output dependent on input pin "SW[2]" File: C:/Users/victo/Documents/GitHub/Inst_I/top.vhd Line: 13
    Warning (15610): No output dependent on input pin "SW[3]" File: C:/Users/victo/Documents/GitHub/Inst_I/top.vhd Line: 13
    Warning (15610): No output dependent on input pin "SW[4]" File: C:/Users/victo/Documents/GitHub/Inst_I/top.vhd Line: 13
    Warning (15610): No output dependent on input pin "SW[5]" File: C:/Users/victo/Documents/GitHub/Inst_I/top.vhd Line: 13
    Warning (15610): No output dependent on input pin "SW[6]" File: C:/Users/victo/Documents/GitHub/Inst_I/top.vhd Line: 13
    Warning (15610): No output dependent on input pin "SW[7]" File: C:/Users/victo/Documents/GitHub/Inst_I/top.vhd Line: 13
    Warning (15610): No output dependent on input pin "SW[8]" File: C:/Users/victo/Documents/GitHub/Inst_I/top.vhd Line: 13
    Warning (15610): No output dependent on input pin "SW[9]" File: C:/Users/victo/Documents/GitHub/Inst_I/top.vhd Line: 13
    Warning (15610): No output dependent on input pin "SW[10]" File: C:/Users/victo/Documents/GitHub/Inst_I/top.vhd Line: 13
    Warning (15610): No output dependent on input pin "SW[11]" File: C:/Users/victo/Documents/GitHub/Inst_I/top.vhd Line: 13
    Warning (15610): No output dependent on input pin "SW[12]" File: C:/Users/victo/Documents/GitHub/Inst_I/top.vhd Line: 13
    Warning (15610): No output dependent on input pin "SW[13]" File: C:/Users/victo/Documents/GitHub/Inst_I/top.vhd Line: 13
    Warning (15610): No output dependent on input pin "SW[14]" File: C:/Users/victo/Documents/GitHub/Inst_I/top.vhd Line: 13
    Warning (15610): No output dependent on input pin "SW[15]" File: C:/Users/victo/Documents/GitHub/Inst_I/top.vhd Line: 13
    Warning (15610): No output dependent on input pin "SW[16]" File: C:/Users/victo/Documents/GitHub/Inst_I/top.vhd Line: 13
    Warning (15610): No output dependent on input pin "SW[17]" File: C:/Users/victo/Documents/GitHub/Inst_I/top.vhd Line: 13
Info (21057): Implemented 19 device resources after synthesis - the final resource count might be different
    Info (21058): Implemented 19 input pins
    Info (21059): Implemented 0 output pins
Info: Quartus Prime Analysis & Synthesis was successful. 0 errors, 25 warnings
    Info: Peak virtual memory: 4794 megabytes
    Info: Processing ended: Tue Oct 22 18:13:04 2019
    Info: Elapsed time: 00:00:15
    Info: Total CPU time (on all processors): 00:00:28


